<?xml version="1.0" encoding="UTF-8"?>
<!-- Generated by org.testng.reporters.JUnitXMLReporter -->
<testsuite hostname="Aby-HP" ignored="0" name="Test" tests="6" failures="0" timestamp="20 Jun 2019 06:37:29 GMT" time="0.062" errors="0">
  <testcase name="LogIn" time="0.011" classname="qaclickacademy.SeleniumTest"/>
  <testcase name="demo" time="0.0" classname="qaclickacademy.SeleniumTest"/>
  <testcase name="API" time="0.001" classname="qaclickacademy.RESTAPITest"/>
  <testcase name="PostJira" time="0.001" classname="qaclickacademy.RESTAPITest"/>
  <testcase name="Android" time="0.001" classname="qaclickacademy.AppiumTest"/>
  <testcase name="IOS" time="0.0" classname="qaclickacademy.AppiumTest"/>
</testsuite> <!-- Test -->
